# JRE version: OpenJDK Runtime Environment Temurin-21.0.11+10 (21.0.11+10) (build 21.0.11+10-LTS)
# Java VM: OpenJDK 64-Bit Server VM Temurin-21.0.11+10 (21.0.11+10-LTS, mixed mode, sharing, tiered, compressed oops, compressed class ptrs, parallel gc, windows-amd64)
GC Precious Log:
 CardTable entry size: 512
 CPUs: 12 total, 12 available
 Memory: 16215M
 Large Page Support: Disabled
 NUMA Support: Disabled
 Compressed Oops: Enabled (32-bit)
 Alignments: Space 512K, Generation 512K, Heap 2M
 Heap Min Capacity: 100M
 Heap Initial Capacity: 100M
 Heap Max Capacity: 2G
 Pre-touch: Disabled
 Parallel Workers: 10
Heap:
 PSYoungGen      total 2560K, used 2104K [0x00000000d5580000, 0x00000000d5880000, 0x0000000100000000)
  eden space 2048K, 90% used [0x00000000d5580000,0x00000000d574e010,0x00000000d5780000)
  from space 512K, 50% used [0x00000000d5780000,0x00000000d57c0020,0x00000000d5800000)
  to   space 512K, 0% used [0x00000000d5800000,0x00000000d5800000,0x00000000d5880000)
 ParOldGen       total 152064K, used 151611K [0x0000000080000000, 0x0000000089480000, 0x00000000d5580000)
  object space 152064K, 99% used [0x0000000080000000,0x000000008940ec10,0x0000000089480000)
 Metaspace       used 66557K, committed 67968K, reserved 1114112K
  class space    used 6750K, committed 7360K, reserved 1048576K
GC Heap History (20 events):
Event: 31.577 GC heap before
{Heap before GC invocations=303 (full 3):
 PSYoungGen      total 2048K, used 1824K [0x00000000d5580000, 0x00000000d5880000, 0x0000000100000000)
  eden space 1536K, 100% used [0x00000000d5580000,0x00000000d5700000,0x00000000d5700000)
  from space 512K, 56% used [0x00000000d5780000,0x00000000d57c8000,0x00000000d5800000)
  to   space 512K, 0% used [0x00000000d5800000,0x00000000d5800000,0x00000000d5880000)
 ParOldGen       total 149504K, used 148992K [0x0000000080000000, 0x0000000089200000, 0x00000000d5580000)
  object space 149504K, 99% used [0x0000000080000000,0x0000000089180388,0x0000000089200000)
 Metaspace       used 66532K, committed 67968K, reserved 1114112K
  class space    used 6749K, committed 7360K, reserved 1048576K
}
Event: 31.579 GC heap after
{Heap after GC invocations=303 (full 3):
 PSYoungGen      total 2048K, used 416K [0x00000000d5580000, 0x00000000d5880000, 0x0000000100000000)
  eden space 1536K, 0% used [0x00000000d5580000,0x00000000d5580000,0x00000000d5700000)
  from space 512K, 81% used [0x00000000d5800000,0x00000000d5868000,0x00000000d5880000)
  to   space 512K, 0% used [0x00000000d5780000,0x00000000d5780000,0x00000000d5800000)
 ParOldGen       total 149504K, used 149120K [0x0000000080000000, 0x0000000089200000, 0x00000000d5580000)
  object space 149504K, 99% used [0x0000000080000000,0x00000000891a03a8,0x0000000089200000)
 Metaspace       used 66532K, committed 67968K, reserved 1114112K
  class space    used 6749K, committed 7360K, reserved 1048576K
}
Event: 31.614 GC heap before
{Heap before GC invocations=304 (full 3):
 PSYoungGen      total 2048K, used 1952K [0x00000000d5580000, 0x00000000d5880000, 0x0000000100000000)
  eden space 1536K, 100% used [0x00000000d5580000,0x00000000d5700000,0x00000000d5700000)
  from space 512K, 81% used [0x00000000d5800000,0x00000000d5868000,0x00000000d5880000)
  to   space 512K, 0% used [0x00000000d5780000,0x00000000d5780000,0x00000000d5800000)
 ParOldGen       total 149504K, used 149120K [0x0000000080000000, 0x0000000089200000, 0x00000000d5580000)
  object space 149504K, 99% used [0x0000000080000000,0x00000000891a03a8,0x0000000089200000)
 Metaspace       used 66536K, committed 67968K, reserved 1114112K
  class space    used 6749K, committed 7360K, reserved 1048576K
}
Event: 31.615 GC heap after
{Heap after GC invocations=304 (full 3):
 PSYoungGen      total 2048K, used 474K [0x00000000d5580000, 0x00000000d5880000, 0x0000000100000000)
  eden space 1536K, 0% used [0x00000000d5580000,0x00000000d5580000,0x00000000d5700000)
  from space 512K, 92% used [0x00000000d5780000,0x00000000d57f6900,0x00000000d5800000)
  to   space 512K, 0% used [0x00000000d5800000,0x00000000d5800000,0x00000000d5880000)
 ParOldGen       total 149504K, used 149384K [0x0000000080000000, 0x0000000089200000, 0x00000000d5580000)
  object space 149504K, 99% used [0x0000000080000000,0x00000000891e23a8,0x0000000089200000)
 Metaspace       used 66536K, committed 67968K, reserved 1114112K
  class space    used 6749K, committed 7360K, reserved 1048576K
}
Event: 31.641 GC heap before
{Heap before GC invocations=305 (full 3):
 PSYoungGen      total 2048K, used 2010K [0x00000000d5580000, 0x00000000d5880000, 0x0000000100000000)
  eden space 1536K, 100% used [0x00000000d5580000,0x00000000d5700000,0x00000000d5700000)
  from space 512K, 92% used [0x00000000d5780000,0x00000000d57f6900,0x00000000d5800000)
  to   space 512K, 0% used [0x00000000d5800000,0x00000000d5800000,0x00000000d5880000)
 ParOldGen       total 149504K, used 149384K [0x0000000080000000, 0x0000000089200000, 0x00000000d5580000)
  object space 149504K, 99% used [0x0000000080000000,0x00000000891e23a8,0x0000000089200000)
 Metaspace       used 66540K, committed 67968K, reserved 1114112K
  class space    used 6750K, committed 7360K, reserved 1048576K
}
Event: 31.643 GC heap after
{Heap after GC invocations=305 (full 3):
 PSYoungGen      total 2048K, used 483K [0x00000000d5580000, 0x00000000d5900000, 0x0000000100000000)
  eden space 1536K, 0% used [0x00000000d5580000,0x00000000d5580000,0x00000000d5700000)
  from space 512K, 94% used [0x00000000d5800000,0x00000000d5878eb0,0x00000000d5880000)
  to   space 1024K, 0% used [0x00000000d5700000,0x00000000d5700000,0x00000000d5800000)
 ParOldGen       total 150016K, used 149795K [0x0000000080000000, 0x0000000089280000, 0x00000000d5580000)
  object space 150016K, 99% used [0x0000000080000000,0x0000000089248f88,0x0000000089280000)
 Metaspace       used 66540K, committed 67968K, reserved 1114112K
  class space    used 6750K, committed 7360K, reserved 1048576K
}
Event: 31.675 GC heap before
{Heap before GC invocations=306 (full 3):
 PSYoungGen      total 2048K, used 2019K [0x00000000d5580000, 0x00000000d5900000, 0x0000000100000000)
  eden space 1536K, 100% used [0x00000000d5580000,0x00000000d5700000,0x00000000d5700000)
  from space 512K, 94% used [0x00000000d5800000,0x00000000d5878eb0,0x00000000d5880000)
  to   space 1024K, 0% used [0x00000000d5700000,0x00000000d5700000,0x00000000d5800000)
 ParOldGen       total 150016K, used 149795K [0x0000000080000000, 0x0000000089280000, 0x00000000d5580000)
  object space 150016K, 99% used [0x0000000080000000,0x0000000089248f88,0x0000000089280000)
 Metaspace       used 66541K, committed 67968K, reserved 1114112K
  class space    used 6750K, committed 7360K, reserved 1048576K
}
Event: 31.677 GC heap after
{Heap after GC invocations=306 (full 3):
 PSYoungGen      total 2560K, used 564K [0x00000000d5580000, 0x00000000d5900000, 0x0000000100000000)
  eden space 1536K, 0% used [0x00000000d5580000,0x00000000d5580000,0x00000000d5700000)
  from space 1024K, 55% used [0x00000000d5700000,0x00000000d578d200,0x00000000d5800000)
  to   space 1024K, 0% used [0x00000000d5800000,0x00000000d5800000,0x00000000d5900000)
 ParOldGen       total 150528K, used 150283K [0x0000000080000000, 0x0000000089300000, 0x00000000d5580000)
  object space 150528K, 99% used [0x0000000080000000,0x00000000892c2e20,0x0000000089300000)
 Metaspace       used 66541K, committed 67968K, reserved 1114112K
  class space    used 6750K, committed 7360K, reserved 1048576K
}
Event: 31.693 GC heap before
{Heap before GC invocations=307 (full 3):
 PSYoungGen      total 2560K, used 2100K [0x00000000d5580000, 0x00000000d5900000, 0x0000000100000000)
  eden space 1536K, 100% used [0x00000000d5580000,0x00000000d5700000,0x00000000d5700000)
  from space 1024K, 55% used [0x00000000d5700000,0x00000000d578d200,0x00000000d5800000)
  to   space 1024K, 0% used [0x00000000d5800000,0x00000000d5800000,0x00000000d5900000)
 ParOldGen       total 150528K, used 150283K [0x0000000080000000, 0x0000000089300000, 0x00000000d5580000)
  object space 150528K, 99% used [0x0000000080000000,0x00000000892c2e20,0x0000000089300000)
 Metaspace       used 66541K, committed 67968K, reserved 1114112K
  class space    used 6750K, committed 7360K, reserved 1048576K
}
Event: 31.694 GC heap after
{Heap after GC invocations=307 (full 3):
 PSYoungGen      total 2560K, used 560K [0x00000000d5580000, 0x00000000d5900000, 0x0000000100000000)
  eden space 1536K, 0% used [0x00000000d5580000,0x00000000d5580000,0x00000000d5700000)
  from space 1024K, 54% used [0x00000000d5800000,0x00000000d588c010,0x00000000d5900000)
  to   space 1024K, 0% used [0x00000000d5700000,0x00000000d5700000,0x00000000d5800000)
 ParOldGen       total 151040K, used 150624K [0x0000000080000000, 0x0000000089380000, 0x00000000d5580000)
  object space 151040K, 99% used [0x0000000080000000,0x0000000089318020,0x0000000089380000)
 Metaspace       used 66541K, committed 67968K, reserved 1114112K
  class space    used 6750K, committed 7360K, reserved 1048576K
}
Event: 31.769 GC heap before
{Heap before GC invocations=308 (full 3):
 PSYoungGen      total 2560K, used 2096K [0x00000000d5580000, 0x00000000d5900000, 0x0000000100000000)
  eden space 1536K, 100% used [0x00000000d5580000,0x00000000d5700000,0x00000000d5700000)
  from space 1024K, 54% used [0x00000000d5800000,0x00000000d588c010,0x00000000d5900000)
  to   space 1024K, 0% used [0x00000000d5700000,0x00000000d5700000,0x00000000d5800000)
 ParOldGen       total 151040K, used 150624K [0x0000000080000000, 0x0000000089380000, 0x00000000d5580000)
  object space 151040K, 99% used [0x0000000080000000,0x0000000089318020,0x0000000089380000)
 Metaspace       used 66556K, committed 67968K, reserved 1114112K
  class space    used 6750K, committed 7360K, reserved 1048576K
}
Event: 31.771 GC heap after
{Heap after GC invocations=308 (full 3):
 PSYoungGen      total 2560K, used 224K [0x00000000d5580000, 0x00000000d5880000, 0x0000000100000000)
  eden space 1536K, 0% used [0x00000000d5580000,0x00000000d5580000,0x00000000d5700000)
  from space 1024K, 21% used [0x00000000d5700000,0x00000000d5738000,0x00000000d5800000)
  to   space 512K, 0% used [0x00000000d5800000,0x00000000d5800000,0x00000000d5880000)
 ParOldGen       total 151040K, used 150678K [0x0000000080000000, 0x0000000089380000, 0x00000000d5580000)
  object space 151040K, 99% used [0x0000000080000000,0x00000000893259f0,0x0000000089380000)
 Metaspace       used 66556K, committed 67968K, reserved 1114112K
  class space    used 6750K, committed 7360K, reserved 1048576K
}
Event: 31.786 GC heap before
{Heap before GC invocations=309 (full 3):
 PSYoungGen      total 2560K, used 1760K [0x00000000d5580000, 0x00000000d5880000, 0x0000000100000000)
  eden space 1536K, 100% used [0x00000000d5580000,0x00000000d5700000,0x00000000d5700000)
  from space 1024K, 21% used [0x00000000d5700000,0x00000000d5738000,0x00000000d5800000)
  to   space 512K, 0% used [0x00000000d5800000,0x00000000d5800000,0x00000000d5880000)
 ParOldGen       total 151040K, used 150678K [0x0000000080000000, 0x0000000089380000, 0x00000000d5580000)
  object space 151040K, 99% used [0x0000000080000000,0x00000000893259f0,0x0000000089380000)
 Metaspace       used 66557K, committed 67968K, reserved 1114112K
  class space    used 6750K, committed 7360K, reserved 1048576K
}
Event: 31.788 GC heap after
{Heap after GC invocations=309 (full 3):
 PSYoungGen      total 2048K, used 512K [0x00000000d5580000, 0x00000000d5900000, 0x0000000100000000)
  eden space 1536K, 0% used [0x00000000d5580000,0x00000000d5580000,0x00000000d5700000)
  from space 512K, 100% used [0x00000000d5800000,0x00000000d5880000,0x00000000d5880000)
  to   space 1024K, 0% used [0x00000000d5700000,0x00000000d5700000,0x00000000d5800000)
 ParOldGen       total 151040K, used 150818K [0x0000000080000000, 0x0000000089380000, 0x00000000d5580000)
  object space 151040K, 99% used [0x0000000080000000,0x0000000089348bf0,0x0000000089380000)
 Metaspace       used 66557K, committed 67968K, reserved 1114112K
  class space    used 6750K, committed 7360K, reserved 1048576K
}
Event: 31.793 GC heap before
{Heap before GC invocations=310 (full 3):
 PSYoungGen      total 2048K, used 2048K [0x00000000d5580000, 0x00000000d5900000, 0x0000000100000000)
  eden space 1536K, 100% used [0x00000000d5580000,0x00000000d5700000,0x00000000d5700000)
  from space 512K, 100% used [0x00000000d5800000,0x00000000d5880000,0x00000000d5880000)
  to   space 1024K, 0% used [0x00000000d5700000,0x00000000d5700000,0x00000000d5800000)
 ParOldGen       total 151040K, used 150818K [0x0000000080000000, 0x0000000089380000, 0x00000000d5580000)
  object space 151040K, 99% used [0x0000000080000000,0x0000000089348bf0,0x0000000089380000)
 Metaspace       used 66557K, committed 67968K, reserved 1114112K
  class space    used 6750K, committed 7360K, reserved 1048576K
}
Event: 31.794 GC heap after
{Heap after GC invocations=310 (full 3):
 PSYoungGen      total 2560K, used 288K [0x00000000d5580000, 0x00000000d5880000, 0x0000000100000000)
  eden space 1536K, 0% used [0x00000000d5580000,0x00000000d5580000,0x00000000d5700000)
  from space 1024K, 28% used [0x00000000d5700000,0x00000000d5748000,0x00000000d5800000)
  to   space 512K, 0% used [0x00000000d5800000,0x00000000d5800000,0x00000000d5880000)
 ParOldGen       total 151552K, used 151323K [0x0000000080000000, 0x0000000089400000, 0x00000000d5580000)
  object space 151552K, 99% used [0x0000000080000000,0x00000000893c6c10,0x0000000089400000)
 Metaspace       used 66557K, committed 67968K, reserved 1114112K
  class space    used 6750K, committed 7360K, reserved 1048576K
}
Event: 31.797 GC heap before
{Heap before GC invocations=311 (full 3):
 PSYoungGen      total 2560K, used 1824K [0x00000000d5580000, 0x00000000d5880000, 0x0000000100000000)
  eden space 1536K, 100% used [0x00000000d5580000,0x00000000d5700000,0x00000000d5700000)
  from space 1024K, 28% used [0x00000000d5700000,0x00000000d5748000,0x00000000d5800000)
  to   space 512K, 0% used [0x00000000d5800000,0x00000000d5800000,0x00000000d5880000)
 ParOldGen       total 151552K, used 151323K [0x0000000080000000, 0x0000000089400000, 0x00000000d5580000)
  object space 151552K, 99% used [0x0000000080000000,0x00000000893c6c10,0x0000000089400000)
 Metaspace       used 66557K, committed 67968K, reserved 1114112K
  class space    used 6750K, committed 7360K, reserved 1048576K
}
Event: 31.798 GC heap after
{Heap after GC invocations=311 (full 3):
 PSYoungGen      total 2048K, used 304K [0x00000000d5580000, 0x00000000d5880000, 0x0000000100000000)
  eden space 1536K, 0% used [0x00000000d5580000,0x00000000d5580000,0x00000000d5700000)
  from space 512K, 59% used [0x00000000d5800000,0x00000000d584c010,0x00000000d5880000)
  to   space 512K, 0% used [0x00000000d5780000,0x00000000d5780000,0x00000000d5800000)
 ParOldGen       total 151552K, used 151435K [0x0000000080000000, 0x0000000089400000, 0x00000000d5580000)
  object space 151552K, 99% used [0x0000000080000000,0x00000000893e2c10,0x0000000089400000)
 Metaspace       used 66557K, committed 67968K, reserved 1114112K
  class space    used 6750K, committed 7360K, reserved 1048576K
}
Event: 31.800 GC heap before
{Heap before GC invocations=312 (full 3):
 PSYoungGen      total 2048K, used 1840K [0x00000000d5580000, 0x00000000d5880000, 0x0000000100000000)
  eden space 1536K, 100% used [0x00000000d5580000,0x00000000d5700000,0x00000000d5700000)
  from space 512K, 59% used [0x00000000d5800000,0x00000000d584c010,0x00000000d5880000)
  to   space 512K, 0% used [0x00000000d5780000,0x00000000d5780000,0x00000000d5800000)
 ParOldGen       total 151552K, used 151435K [0x0000000080000000, 0x0000000089400000, 0x00000000d5580000)
  object space 151552K, 99% used [0x0000000080000000,0x00000000893e2c10,0x0000000089400000)
 Metaspace       used 66557K, committed 67968K, reserved 1114112K
  class space    used 6750K, committed 7360K, reserved 1048576K
}
Event: 31.802 GC heap after
{Heap after GC invocations=312 (full 3):
 PSYoungGen      total 2560K, used 256K [0x00000000d5580000, 0x00000000d5880000, 0x0000000100000000)
  eden space 2048K, 0% used [0x00000000d5580000,0x00000000d5580000,0x00000000d5780000)
  from space 512K, 50% used [0x00000000d5780000,0x00000000d57c0020,0x00000000d5800000)
  to   space 512K, 0% used [0x00000000d5800000,0x00000000d5800000,0x00000000d5880000)
 ParOldGen       total 152064K, used 151611K [0x0000000080000000, 0x0000000089480000, 0x00000000d5580000)
  object space 152064K, 99% used [0x0000000080000000,0x000000008940ec10,0x0000000089480000)
 Metaspace       used 66557K, committed 67968K, reserved 1114112K
  class space    used 6750K, committed 7360K, reserved 1048576K
}

