# JRE version: OpenJDK Runtime Environment Temurin-21.0.11+10 (21.0.11+10) (build 21.0.11+10-LTS)
# Java VM: OpenJDK 64-Bit Server VM Temurin-21.0.11+10 (21.0.11+10-LTS, mixed mode, sharing, tiered, compressed oops, compressed class ptrs, parallel gc, windows-amd64)
GC Precious Log:
 CardTable entry size: 512
 CPUs: 12 total, 12 available
 Memory: 16215M
 Large Page Support: Disabled
 NUMA Support: Disabled
 Compressed Oops: Enabled (32-bit)
 Alignments: Space 512K, Generation 512K, Heap 2M
 Heap Min Capacity: 100M
 Heap Initial Capacity: 100M
 Heap Max Capacity: 2G
 Pre-touch: Disabled
 Parallel Workers: 10
Heap:
 PSYoungGen      total 21504K, used 15726K [0x00000000d5580000, 0x00000000d6f00000, 0x0000000100000000)
  eden space 20480K, 74% used [0x00000000d5580000,0x00000000d6453b30,0x00000000d6980000)
  from space 1024K, 53% used [0x00000000d6e00000,0x00000000d6e88000,0x00000000d6f00000)
  to   space 1024K, 0% used [0x00000000d6d00000,0x00000000d6d00000,0x00000000d6e00000)
 ParOldGen       total 68608K, used 54649K [0x0000000080000000, 0x0000000084300000, 0x00000000d5580000)
  object space 68608K, 79% used [0x0000000080000000,0x000000008355e408,0x0000000084300000)
 Metaspace       used 57378K, committed 58816K, reserved 1114112K
  class space    used 6143K, committed 6784K, reserved 1048576K
GC Heap History (20 events):
Event: 16.864 GC heap before
{Heap before GC invocations=31 (full 2):
 PSYoungGen      total 23040K, used 22880K [0x00000000d5580000, 0x00000000d7300000, 0x0000000100000000)
  eden space 20480K, 100% used [0x00000000d5580000,0x00000000d6980000,0x00000000d6980000)
  from space 2560K, 93% used [0x00000000d7080000,0x00000000d72d8010,0x00000000d7300000)
  to   space 2560K, 0% used [0x00000000d6e00000,0x00000000d6e00000,0x00000000d7080000)
 ParOldGen       total 68608K, used 46692K [0x0000000080000000, 0x0000000084300000, 0x00000000d5580000)
  object space 68608K, 68% used [0x0000000080000000,0x0000000082d991e8,0x0000000084300000)
 Metaspace       used 49563K, committed 50880K, reserved 1114112K
  class space    used 5372K, committed 5952K, reserved 1048576K
}
Event: 16.869 GC heap after
{Heap after GC invocations=31 (full 2):
 PSYoungGen      total 23040K, used 2067K [0x00000000d5580000, 0x00000000d7100000, 0x0000000100000000)
  eden space 20480K, 0% used [0x00000000d5580000,0x00000000d5580000,0x00000000d6980000)
  from space 2560K, 80% used [0x00000000d6e00000,0x00000000d7004df8,0x00000000d7080000)
  to   space 512K, 0% used [0x00000000d7080000,0x00000000d7080000,0x00000000d7100000)
 ParOldGen       total 68608K, used 48916K [0x0000000080000000, 0x0000000084300000, 0x00000000d5580000)
  object space 68608K, 71% used [0x0000000080000000,0x0000000082fc51f8,0x0000000084300000)
 Metaspace       used 49563K, committed 50880K, reserved 1114112K
  class space    used 5372K, committed 5952K, reserved 1048576K
}
Event: 17.297 GC heap before
{Heap before GC invocations=32 (full 2):
 PSYoungGen      total 23040K, used 22547K [0x00000000d5580000, 0x00000000d7100000, 0x0000000100000000)
  eden space 20480K, 100% used [0x00000000d5580000,0x00000000d6980000,0x00000000d6980000)
  from space 2560K, 80% used [0x00000000d6e00000,0x00000000d7004df8,0x00000000d7080000)
  to   space 512K, 0% used [0x00000000d7080000,0x00000000d7080000,0x00000000d7100000)
 ParOldGen       total 68608K, used 48916K [0x0000000080000000, 0x0000000084300000, 0x00000000d5580000)
  object space 68608K, 71% used [0x0000000080000000,0x0000000082fc51f8,0x0000000084300000)
 Metaspace       used 51413K, committed 52672K, reserved 1114112K
  class space    used 5634K, committed 6208K, reserved 1048576K
}
Event: 17.300 GC heap after
{Heap after GC invocations=32 (full 2):
 PSYoungGen      total 20992K, used 512K [0x00000000d5580000, 0x00000000d7100000, 0x0000000100000000)
  eden space 20480K, 0% used [0x00000000d5580000,0x00000000d5580000,0x00000000d6980000)
  from space 512K, 100% used [0x00000000d7080000,0x00000000d7100000,0x00000000d7100000)
  to   space 2560K, 0% used [0x00000000d6c00000,0x00000000d6c00000,0x00000000d6e80000)
 ParOldGen       total 68608K, used 50829K [0x0000000080000000, 0x0000000084300000, 0x00000000d5580000)
  object space 68608K, 74% used [0x0000000080000000,0x00000000831a34a0,0x0000000084300000)
 Metaspace       used 51413K, committed 52672K, reserved 1114112K
  class space    used 5634K, committed 6208K, reserved 1048576K
}
Event: 17.745 GC heap before
{Heap before GC invocations=33 (full 2):
 PSYoungGen      total 20992K, used 20992K [0x00000000d5580000, 0x00000000d7100000, 0x0000000100000000)
  eden space 20480K, 100% used [0x00000000d5580000,0x00000000d6980000,0x00000000d6980000)
  from space 512K, 100% used [0x00000000d7080000,0x00000000d7100000,0x00000000d7100000)
  to   space 2560K, 0% used [0x00000000d6c00000,0x00000000d6c00000,0x00000000d6e80000)
 ParOldGen       total 68608K, used 50829K [0x0000000080000000, 0x0000000084300000, 0x00000000d5580000)
  object space 68608K, 74% used [0x0000000080000000,0x00000000831a34a0,0x0000000084300000)
 Metaspace       used 52481K, committed 53824K, reserved 1114112K
  class space    used 5741K, committed 6336K, reserved 1048576K
}
Event: 17.746 GC heap after
{Heap after GC invocations=33 (full 2):
 PSYoungGen      total 23040K, used 736K [0x00000000d5580000, 0x00000000d7100000, 0x0000000100000000)
  eden space 20480K, 0% used [0x00000000d5580000,0x00000000d5580000,0x00000000d6980000)
  from space 2560K, 28% used [0x00000000d6c00000,0x00000000d6cb8010,0x00000000d6e80000)
  to   space 1536K, 0% used [0x00000000d6f80000,0x00000000d6f80000,0x00000000d7100000)
 ParOldGen       total 68608K, used 51359K [0x0000000080000000, 0x0000000084300000, 0x00000000d5580000)
  object space 68608K, 74% used [0x0000000080000000,0x0000000083227e68,0x0000000084300000)
 Metaspace       used 52481K, committed 53824K, reserved 1114112K
  class space    used 5741K, committed 6336K, reserved 1048576K
}
Event: 18.368 GC heap before
{Heap before GC invocations=34 (full 2):
 PSYoungGen      total 23040K, used 21216K [0x00000000d5580000, 0x00000000d7100000, 0x0000000100000000)
  eden space 20480K, 100% used [0x00000000d5580000,0x00000000d6980000,0x00000000d6980000)
  from space 2560K, 28% used [0x00000000d6c00000,0x00000000d6cb8010,0x00000000d6e80000)
  to   space 1536K, 0% used [0x00000000d6f80000,0x00000000d6f80000,0x00000000d7100000)
 ParOldGen       total 68608K, used 51359K [0x0000000080000000, 0x0000000084300000, 0x00000000d5580000)
  object space 68608K, 74% used [0x0000000080000000,0x0000000083227e68,0x0000000084300000)
 Metaspace       used 54839K, committed 56192K, reserved 1114112K
  class space    used 5950K, committed 6528K, reserved 1048576K
}
Event: 18.371 GC heap after
{Heap after GC invocations=34 (full 2):
 PSYoungGen      total 22016K, used 1523K [0x00000000d5580000, 0x00000000d7100000, 0x0000000100000000)
  eden space 20480K, 0% used [0x00000000d5580000,0x00000000d5580000,0x00000000d6980000)
  from space 1536K, 99% used [0x00000000d6f80000,0x00000000d70fcc90,0x00000000d7100000)
  to   space 3072K, 0% used [0x00000000d6b00000,0x00000000d6b00000,0x00000000d6e00000)
 ParOldGen       total 68608K, used 52189K [0x0000000080000000, 0x0000000084300000, 0x00000000d5580000)
  object space 68608K, 76% used [0x0000000080000000,0x00000000832f74c8,0x0000000084300000)
 Metaspace       used 54839K, committed 56192K, reserved 1114112K
  class space    used 5950K, committed 6528K, reserved 1048576K
}
Event: 18.461 GC heap before
{Heap before GC invocations=35 (full 2):
 PSYoungGen      total 22016K, used 21951K [0x00000000d5580000, 0x00000000d7100000, 0x0000000100000000)
  eden space 20480K, 99% used [0x00000000d5580000,0x00000000d6973358,0x00000000d6980000)
  from space 1536K, 99% used [0x00000000d6f80000,0x00000000d70fcc90,0x00000000d7100000)
  to   space 3072K, 0% used [0x00000000d6b00000,0x00000000d6b00000,0x00000000d6e00000)
 ParOldGen       total 68608K, used 52189K [0x0000000080000000, 0x0000000084300000, 0x00000000d5580000)
  object space 68608K, 76% used [0x0000000080000000,0x00000000832f74c8,0x0000000084300000)
 Metaspace       used 54861K, committed 56192K, reserved 1114112K
  class space    used 5950K, committed 6528K, reserved 1048576K
}
Event: 18.463 GC heap after
{Heap after GC invocations=35 (full 2):
 PSYoungGen      total 23552K, used 384K [0x00000000d5580000, 0x00000000d7000000, 0x0000000100000000)
  eden space 20480K, 0% used [0x00000000d5580000,0x00000000d5580000,0x00000000d6980000)
  from space 3072K, 12% used [0x00000000d6b00000,0x00000000d6b60398,0x00000000d6e00000)
  to   space 1536K, 0% used [0x00000000d6e80000,0x00000000d6e80000,0x00000000d7000000)
 ParOldGen       total 68608K, used 53146K [0x0000000080000000, 0x0000000084300000, 0x00000000d5580000)
  object space 68608K, 77% used [0x0000000080000000,0x00000000833e6980,0x0000000084300000)
 Metaspace       used 54861K, committed 56192K, reserved 1114112K
  class space    used 5950K, committed 6528K, reserved 1048576K
}
Event: 18.980 GC heap before
{Heap before GC invocations=36 (full 2):
 PSYoungGen      total 23552K, used 20864K [0x00000000d5580000, 0x00000000d7000000, 0x0000000100000000)
  eden space 20480K, 100% used [0x00000000d5580000,0x00000000d6980000,0x00000000d6980000)
  from space 3072K, 12% used [0x00000000d6b00000,0x00000000d6b60398,0x00000000d6e00000)
  to   space 1536K, 0% used [0x00000000d6e80000,0x00000000d6e80000,0x00000000d7000000)
 ParOldGen       total 68608K, used 53146K [0x0000000080000000, 0x0000000084300000, 0x00000000d5580000)
  object space 68608K, 77% used [0x0000000080000000,0x00000000833e6980,0x0000000084300000)
 Metaspace       used 56208K, committed 57600K, reserved 1114112K
  class space    used 6070K, committed 6656K, reserved 1048576K
}
Event: 18.981 GC heap after
{Heap after GC invocations=36 (full 2):
 PSYoungGen      total 21504K, used 608K [0x00000000d5580000, 0x00000000d6f80000, 0x0000000100000000)
  eden space 20480K, 0% used [0x00000000d5580000,0x00000000d5580000,0x00000000d6980000)
  from space 1024K, 59% used [0x00000000d6e80000,0x00000000d6f18000,0x00000000d6f80000)
  to   space 1024K, 0% used [0x00000000d6d80000,0x00000000d6d80000,0x00000000d6e80000)
 ParOldGen       total 68608K, used 53170K [0x0000000080000000, 0x0000000084300000, 0x00000000d5580000)
  object space 68608K, 77% used [0x0000000080000000,0x00000000833ec980,0x0000000084300000)
 Metaspace       used 56208K, committed 57600K, reserved 1114112K
  class space    used 6070K, committed 6656K, reserved 1048576K
}
Event: 19.511 GC heap before
{Heap before GC invocations=37 (full 2):
 PSYoungGen      total 21504K, used 21088K [0x00000000d5580000, 0x00000000d6f80000, 0x0000000100000000)
  eden space 20480K, 100% used [0x00000000d5580000,0x00000000d6980000,0x00000000d6980000)
  from space 1024K, 59% used [0x00000000d6e80000,0x00000000d6f18000,0x00000000d6f80000)
  to   space 1024K, 0% used [0x00000000d6d80000,0x00000000d6d80000,0x00000000d6e80000)
 ParOldGen       total 68608K, used 53170K [0x0000000080000000, 0x0000000084300000, 0x00000000d5580000)
  object space 68608K, 77% used [0x0000000080000000,0x00000000833ec980,0x0000000084300000)
 Metaspace       used 56622K, committed 58048K, reserved 1114112K
  class space    used 6107K, committed 6720K, reserved 1048576K
}
Event: 19.513 GC heap after
{Heap after GC invocations=37 (full 2):
 PSYoungGen      total 21504K, used 640K [0x00000000d5580000, 0x00000000d6f00000, 0x0000000100000000)
  eden space 20480K, 0% used [0x00000000d5580000,0x00000000d5580000,0x00000000d6980000)
  from space 1024K, 62% used [0x00000000d6d80000,0x00000000d6e20000,0x00000000d6e80000)
  to   space 512K, 0% used [0x00000000d6e80000,0x00000000d6e80000,0x00000000d6f00000)
 ParOldGen       total 68608K, used 53554K [0x0000000080000000, 0x0000000084300000, 0x00000000d5580000)
  object space 68608K, 78% used [0x0000000080000000,0x000000008344c980,0x0000000084300000)
 Metaspace       used 56622K, committed 58048K, reserved 1114112K
  class space    used 6107K, committed 6720K, reserved 1048576K
}
Event: 20.468 GC heap before
{Heap before GC invocations=38 (full 2):
 PSYoungGen      total 21504K, used 21120K [0x00000000d5580000, 0x00000000d6f00000, 0x0000000100000000)
  eden space 20480K, 100% used [0x00000000d5580000,0x00000000d6980000,0x00000000d6980000)
  from space 1024K, 62% used [0x00000000d6d80000,0x00000000d6e20000,0x00000000d6e80000)
  to   space 512K, 0% used [0x00000000d6e80000,0x00000000d6e80000,0x00000000d6f00000)
 ParOldGen       total 68608K, used 53554K [0x0000000080000000, 0x0000000084300000, 0x00000000d5580000)
  object space 68608K, 78% used [0x0000000080000000,0x000000008344c980,0x0000000084300000)
 Metaspace       used 56970K, committed 58368K, reserved 1114112K
  class space    used 6122K, committed 6720K, reserved 1048576K
}
Event: 20.471 GC heap after
{Heap after GC invocations=38 (full 2):
 PSYoungGen      total 20992K, used 512K [0x00000000d5580000, 0x00000000d6f00000, 0x0000000100000000)
  eden space 20480K, 0% used [0x00000000d5580000,0x00000000d5580000,0x00000000d6980000)
  from space 512K, 100% used [0x00000000d6e80000,0x00000000d6f00000,0x00000000d6f00000)
  to   space 1024K, 0% used [0x00000000d6d00000,0x00000000d6d00000,0x00000000d6e00000)
 ParOldGen       total 68608K, used 53884K [0x0000000080000000, 0x0000000084300000, 0x00000000d5580000)
  object space 68608K, 78% used [0x0000000080000000,0x000000008349f038,0x0000000084300000)
 Metaspace       used 56970K, committed 58368K, reserved 1114112K
  class space    used 6122K, committed 6720K, reserved 1048576K
}
Event: 20.982 GC heap before
{Heap before GC invocations=39 (full 2):
 PSYoungGen      total 20992K, used 20992K [0x00000000d5580000, 0x00000000d6f00000, 0x0000000100000000)
  eden space 20480K, 100% used [0x00000000d5580000,0x00000000d6980000,0x00000000d6980000)
  from space 512K, 100% used [0x00000000d6e80000,0x00000000d6f00000,0x00000000d6f00000)
  to   space 1024K, 0% used [0x00000000d6d00000,0x00000000d6d00000,0x00000000d6e00000)
 ParOldGen       total 68608K, used 53884K [0x0000000080000000, 0x0000000084300000, 0x00000000d5580000)
  object space 68608K, 78% used [0x0000000080000000,0x000000008349f038,0x0000000084300000)
 Metaspace       used 57203K, committed 58688K, reserved 1114112K
  class space    used 6134K, committed 6784K, reserved 1048576K
}
Event: 20.984 GC heap after
{Heap after GC invocations=39 (full 2):
 PSYoungGen      total 21504K, used 553K [0x00000000d5580000, 0x00000000d6f00000, 0x0000000100000000)
  eden space 20480K, 0% used [0x00000000d5580000,0x00000000d5580000,0x00000000d6980000)
  from space 1024K, 54% used [0x00000000d6d00000,0x00000000d6d8a720,0x00000000d6e00000)
  to   space 1024K, 0% used [0x00000000d6e00000,0x00000000d6e00000,0x00000000d6f00000)
 ParOldGen       total 68608K, used 54261K [0x0000000080000000, 0x0000000084300000, 0x00000000d5580000)
  object space 68608K, 79% used [0x0000000080000000,0x00000000834fd498,0x0000000084300000)
 Metaspace       used 57203K, committed 58688K, reserved 1114112K
  class space    used 6134K, committed 6784K, reserved 1048576K
}
Event: 21.157 GC heap before
{Heap before GC invocations=40 (full 2):
 PSYoungGen      total 21504K, used 21033K [0x00000000d5580000, 0x00000000d6f00000, 0x0000000100000000)
  eden space 20480K, 100% used [0x00000000d5580000,0x00000000d6980000,0x00000000d6980000)
  from space 1024K, 54% used [0x00000000d6d00000,0x00000000d6d8a720,0x00000000d6e00000)
  to   space 1024K, 0% used [0x00000000d6e00000,0x00000000d6e00000,0x00000000d6f00000)
 ParOldGen       total 68608K, used 54261K [0x0000000080000000, 0x0000000084300000, 0x00000000d5580000)
  object space 68608K, 79% used [0x0000000080000000,0x00000000834fd498,0x0000000084300000)
 Metaspace       used 57260K, committed 58688K, reserved 1114112K
  class space    used 6135K, committed 6784K, reserved 1048576K
}
Event: 21.159 GC heap after
{Heap after GC invocations=40 (full 2):
 PSYoungGen      total 21504K, used 544K [0x00000000d5580000, 0x00000000d6f00000, 0x0000000100000000)
  eden space 20480K, 0% used [0x00000000d5580000,0x00000000d5580000,0x00000000d6980000)
  from space 1024K, 53% used [0x00000000d6e00000,0x00000000d6e88000,0x00000000d6f00000)
  to   space 1024K, 0% used [0x00000000d6d00000,0x00000000d6d00000,0x00000000d6e00000)
 ParOldGen       total 68608K, used 54649K [0x0000000080000000, 0x0000000084300000, 0x00000000d5580000)
  object space 68608K, 79% used [0x0000000080000000,0x000000008355e408,0x0000000084300000)
 Metaspace       used 57260K, committed 58688K, reserved 1114112K
  class space    used 6135K, committed 6784K, reserved 1048576K
}

